<?xml version="1.0" encoding="UTF-8"?>
<!-- Generated by org.testng.reporters.JUnitReportReporter -->
<testsuite hostname="DESKTOP-L646HTL" failures="0" tests="2" name="tests.DataProviderTest" time="0.019" errors="0" timestamp="2023-04-10T03:22:58 IST" skipped="0">
  <testcase classname="tests.DataProviderTest" name="test" time="0.012"/>
  <system-out/>
  <testcase classname="tests.DataProviderTest" name="test" time="0.007"/>
  <system-out/>
</testsuite> <!-- tests.DataProviderTest -->
